Determining if the pthread_create exist failed with the following output:
Change Dir: /home/abdullah/catkin_ws/build/CMakeFiles/CMakeTmp

Run Build Command:"/usr/bin/make" "cmTC_c34fe/fast"
/usr/bin/make -f CMakeFiles/cmTC_c34fe.dir/build.make CMakeFiles/cmTC_c34fe.dir/build
make[1]: Entering directory '/home/abdullah/catkin_ws/build/CMakeFiles/CMakeTmp'
Building C object CMakeFiles/cmTC_c34fe.dir/CheckSymbolExists.c.o
/usr/bin/cc     -o CMakeFiles/cmTC_c34fe.dir/CheckSymbolExists.c.o   -c /home/abdullah/catkin_ws/build/CMakeFiles/CMakeTmp/CheckSymbolExists.c
Linking C executable cmTC_c34fe
/usr/bin/cmake -E cmake_link_script CMakeFiles/cmTC_c34fe.dir/link.txt --verbose=1
/usr/bin/cc       CMakeFiles/cmTC_c34fe.dir/CheckSymbolExists.c.o  -o cmTC_c34fe -rdynamic 
CMakeFiles/cmTC_c34fe.dir/CheckSymbolExists.c.o: In function `main':
CheckSymbolExists.c:(.text+0x16): undefined reference to `pthread_create'
collect2: error: ld returned 1 exit status
CMakeFiles/cmTC_c34fe.dir/build.make:97: recipe for target 'cmTC_c34fe' failed
make[1]: *** [cmTC_c34fe] Error 1
make[1]: Leaving directory '/home/abdullah/catkin_ws/build/CMakeFiles/CMakeTmp'
Makefile:126: recipe for target 'cmTC_c34fe/fast' failed
make: *** [cmTC_c34fe/fast] Error 2

File /home/abdullah/catkin_ws/build/CMakeFiles/CMakeTmp/CheckSymbolExists.c:
/* */
#include <pthread.h>

int main(int argc, char** argv)
{
  (void)argv;
#ifndef pthread_create
  return ((int*)(&pthread_create))[argc];
#else
  (void)argc;
  return 0;
#endif
}

Determining if the function pthread_create exists in the pthreads failed with the following output:
Change Dir: /home/abdullah/catkin_ws/build/CMakeFiles/CMakeTmp

Run Build Command:"/usr/bin/make" "cmTC_a233c/fast"
/usr/bin/make -f CMakeFiles/cmTC_a233c.dir/build.make CMakeFiles/cmTC_a233c.dir/build
make[1]: Entering directory '/home/abdullah/catkin_ws/build/CMakeFiles/CMakeTmp'
Building C object CMakeFiles/cmTC_a233c.dir/CheckFunctionExists.c.o
/usr/bin/cc    -DCHECK_FUNCTION_EXISTS=pthread_create   -o CMakeFiles/cmTC_a233c.dir/CheckFunctionExists.c.o   -c /usr/share/cmake-3.5/Modules/CheckFunctionExists.c
Linking C executable cmTC_a233c
/usr/bin/cmake -E cmake_link_script CMakeFiles/cmTC_a233c.dir/link.txt --verbose=1
/usr/bin/cc   -DCHECK_FUNCTION_EXISTS=pthread_create    CMakeFiles/cmTC_a233c.dir/CheckFunctionExists.c.o  -o cmTC_a233c -rdynamic -lpthreads 
/usr/bin/ld: cannot find -lpthreads
collect2: error: ld returned 1 exit status
CMakeFiles/cmTC_a233c.dir/build.make:97: recipe for target 'cmTC_a233c' failed
make[1]: *** [cmTC_a233c] Error 1
make[1]: Leaving directory '/home/abdullah/catkin_ws/build/CMakeFiles/CMakeTmp'
Makefile:126: recipe for target 'cmTC_a233c/fast' failed
make: *** [cmTC_a233c/fast] Error 2


Determining if the pthread_create exist failed with the following output:
Change Dir: /home/abdullah/fcr_catkin_ws/build/CMakeFiles/CMakeTmp

Run Build Command:"/usr/bin/make" "cmTC_041b0/fast"
/usr/bin/make -f CMakeFiles/cmTC_041b0.dir/build.make CMakeFiles/cmTC_041b0.dir/build
make[1]: Entering directory '/home/abdullah/fcr_catkin_ws/build/CMakeFiles/CMakeTmp'
Building C object CMakeFiles/cmTC_041b0.dir/CheckSymbolExists.c.o
/usr/bin/cc     -o CMakeFiles/cmTC_041b0.dir/CheckSymbolExists.c.o   -c /home/abdullah/fcr_catkin_ws/build/CMakeFiles/CMakeTmp/CheckSymbolExists.c
Linking C executable cmTC_041b0
/usr/bin/cmake -E cmake_link_script CMakeFiles/cmTC_041b0.dir/link.txt --verbose=1
/usr/bin/cc       CMakeFiles/cmTC_041b0.dir/CheckSymbolExists.c.o  -o cmTC_041b0 -rdynamic 
CMakeFiles/cmTC_041b0.dir/CheckSymbolExists.c.o: In function `main':
CheckSymbolExists.c:(.text+0x16): undefined reference to `pthread_create'
collect2: error: ld returned 1 exit status
CMakeFiles/cmTC_041b0.dir/build.make:97: recipe for target 'cmTC_041b0' failed
make[1]: *** [cmTC_041b0] Error 1
make[1]: Leaving directory '/home/abdullah/fcr_catkin_ws/build/CMakeFiles/CMakeTmp'
Makefile:126: recipe for target 'cmTC_041b0/fast' failed
make: *** [cmTC_041b0/fast] Error 2

File /home/abdullah/fcr_catkin_ws/build/CMakeFiles/CMakeTmp/CheckSymbolExists.c:
/* */
#include <pthread.h>

int main(int argc, char** argv)
{
  (void)argv;
#ifndef pthread_create
  return ((int*)(&pthread_create))[argc];
#else
  (void)argc;
  return 0;
#endif
}

Determining if the function pthread_create exists in the pthreads failed with the following output:
Change Dir: /home/abdullah/fcr_catkin_ws/build/CMakeFiles/CMakeTmp

Run Build Command:"/usr/bin/make" "cmTC_e8e12/fast"
/usr/bin/make -f CMakeFiles/cmTC_e8e12.dir/build.make CMakeFiles/cmTC_e8e12.dir/build
make[1]: Entering directory '/home/abdullah/fcr_catkin_ws/build/CMakeFiles/CMakeTmp'
Building C object CMakeFiles/cmTC_e8e12.dir/CheckFunctionExists.c.o
/usr/bin/cc    -DCHECK_FUNCTION_EXISTS=pthread_create   -o CMakeFiles/cmTC_e8e12.dir/CheckFunctionExists.c.o   -c /usr/share/cmake-3.5/Modules/CheckFunctionExists.c
Linking C executable cmTC_e8e12
/usr/bin/cmake -E cmake_link_script CMakeFiles/cmTC_e8e12.dir/link.txt --verbose=1
/usr/bin/cc   -DCHECK_FUNCTION_EXISTS=pthread_create    CMakeFiles/cmTC_e8e12.dir/CheckFunctionExists.c.o  -o cmTC_e8e12 -rdynamic -lpthreads 
/usr/bin/ld: cannot find -lpthreads
collect2: error: ld returned 1 exit status
CMakeFiles/cmTC_e8e12.dir/build.make:97: recipe for target 'cmTC_e8e12' failed
make[1]: *** [cmTC_e8e12] Error 1
make[1]: Leaving directory '/home/abdullah/fcr_catkin_ws/build/CMakeFiles/CMakeTmp'
Makefile:126: recipe for target 'cmTC_e8e12/fast' failed
make: *** [cmTC_e8e12/fast] Error 2


